Configuring tidal-1.0.7...
Preprocessing library for tidal-1.0.7..
Building library for tidal-1.0.7..
[ 1 of 19] Compiling Sound.Tidal.Bjorklund ( src/Sound/Tidal/Bjorklund.hs, .stack-work/dist/x86_64-linux-tinfo6/Cabal-2.4.0.1/build/Sound/Tidal/Bjorklund.o )
[ 2 of 19] Compiling Sound.Tidal.Config ( src/Sound/Tidal/Config.hs, .stack-work/dist/x86_64-linux-tinfo6/Cabal-2.4.0.1/build/Sound/Tidal/Config.o )
[ 3 of 19] Compiling Sound.Tidal.Pattern ( src/Sound/Tidal/Pattern.hs, .stack-work/dist/x86_64-linux-tinfo6/Cabal-2.4.0.1/build/Sound/Tidal/Pattern.o )
[ 4 of 19] Compiling Sound.Tidal.Core ( src/Sound/Tidal/Core.hs, .stack-work/dist/x86_64-linux-tinfo6/Cabal-2.4.0.1/build/Sound/Tidal/Core.o )
[ 5 of 19] Compiling Sound.Tidal.Chords ( src/Sound/Tidal/Chords.hs, .stack-work/dist/x86_64-linux-tinfo6/Cabal-2.4.0.1/build/Sound/Tidal/Chords.o )
[ 6 of 19] Compiling Sound.Tidal.Tempo ( src/Sound/Tidal/Tempo.hs, .stack-work/dist/x86_64-linux-tinfo6/Cabal-2.4.0.1/build/Sound/Tidal/Tempo.o )
[ 7 of 19] Compiling Sound.Tidal.Stream ( src/Sound/Tidal/Stream.hs, .stack-work/dist/x86_64-linux-tinfo6/Cabal-2.4.0.1/build/Sound/Tidal/Stream.o )
[ 8 of 19] Compiling Sound.Tidal.EspGrid ( src/Sound/Tidal/EspGrid.hs, .stack-work/dist/x86_64-linux-tinfo6/Cabal-2.4.0.1/build/Sound/Tidal/EspGrid.o )
[ 9 of 19] Compiling Sound.Tidal.Utils ( src/Sound/Tidal/Utils.hs, .stack-work/dist/x86_64-linux-tinfo6/Cabal-2.4.0.1/build/Sound/Tidal/Utils.o )
[10 of 19] Compiling Sound.Tidal.Scales ( src/Sound/Tidal/Scales.hs, .stack-work/dist/x86_64-linux-tinfo6/Cabal-2.4.0.1/build/Sound/Tidal/Scales.o )
[11 of 19] Compiling Sound.Tidal.Params ( src/Sound/Tidal/Params.hs, .stack-work/dist/x86_64-linux-tinfo6/Cabal-2.4.0.1/build/Sound/Tidal/Params.o )
[12 of 19] Compiling Sound.Tidal.UI   ( src/Sound/Tidal/UI.hs, .stack-work/dist/x86_64-linux-tinfo6/Cabal-2.4.0.1/build/Sound/Tidal/UI.o )

[;1msrc/Sound/Tidal/UI.hs:18:1: [;1m[35mwarning:[0m[0m[;1m [[;1m[35m-Wunused-imports[0m[0m[;1m][0m[0m[;1m
    The import of ‘Control.Applicative’ is redundant
      except perhaps to import instances from ‘Control.Applicative’
    To import instances alone, use: import Control.Applicative()[0m[0m
[;1m[34m   |[0m[0m
[;1m[34m18 |[0m[0m [;1m[35mimport           Control.Applicative (liftA2)[0m[0m
[;1m[34m   |[0m[0m[;1m[35m ^^^^^^^^^^^^^^^^^^^^^^^^^^^^^^^^^^^^^^^^^^^^^[0m[0m
[0m[0m[0m
[;1msrc/Sound/Tidal/UI.hs:1250:17: [;1m[35mwarning:[0m[0m[;1m [[;1m[35m-Wname-shadowing[0m[0m[;1m][0m[0m[;1m
    This binding for ‘toEvent’ shadows the existing binding
      imported from ‘Sound.Tidal.Pattern’ at src/Sound/Tidal/UI.hs:24:1-36
      (and originally defined at src/Sound/Tidal/Pattern.hs:203:1-7)[0m[0m
[;1m[34m     |[0m[0m
[;1m[34m1250 |[0m[0m                 [;1m[35mtoEvent[0m[0m (a',v) = do a'' <- subArc a a'
[;1m[34m     |[0m[0m[;1m[35m                 ^^^^^^^[0m[0m
[0m[0m[0m[13 of 19] Compiling Sound.Tidal.ParseBP ( src/Sound/Tidal/ParseBP.hs, .stack-work/dist/x86_64-linux-tinfo6/Cabal-2.4.0.1/build/Sound/Tidal/ParseBP.o )
[14 of 19] Compiling Sound.Tidal.Control ( src/Sound/Tidal/Control.hs, .stack-work/dist/x86_64-linux-tinfo6/Cabal-2.4.0.1/build/Sound/Tidal/Control.o )
[15 of 19] Compiling Sound.Tidal.Transition ( src/Sound/Tidal/Transition.hs, .stack-work/dist/x86_64-linux-tinfo6/Cabal-2.4.0.1/build/Sound/Tidal/Transition.o )
[16 of 19] Compiling Sound.Tidal.Simple ( src/Sound/Tidal/Simple.hs, .stack-work/dist/x86_64-linux-tinfo6/Cabal-2.4.0.1/build/Sound/Tidal/Simple.o )

[;1msrc/Sound/Tidal/Simple.hs:12:1: [;1m[35mwarning:[0m[0m[;1m [[;1m[35m-Worphans[0m[0m[;1m][0m[0m[;1m
    Orphan instance: instance [overlapping] IsString ControlPattern
    To avoid this
        move the instance declaration to the module of the class or of the type, or
        wrap the type with a newtype and declare the instance on the new type.[0m[0m
[;1m[34m   |[0m[0m
[;1m[34m12 |[0m[0m [;1m[35minstance {-# OVERLAPPING #-} IsString (ControlPattern) where[0m[0m
[;1m[34m   |[0m[0m[;1m[35m ^^^^^^^^^^^^^^^^^^^^^^^^^^^^^^^^^^^^^^^^^^^^^^^^^^^^^^^^^^^^...[0m[0m
[0m[0m[0m[17 of 19] Compiling Sound.Tidal.Version ( src/Sound/Tidal/Version.hs, .stack-work/dist/x86_64-linux-tinfo6/Cabal-2.4.0.1/build/Sound/Tidal/Version.o )

[;1msrc/Sound/Tidal/Version.hs:4:1: [;1m[35mwarning:[0m[0m[;1m [[;1m[35m-Wmissing-signatures[0m[0m[;1m][0m[0m[;1m
    Top-level binding with no type signature: tidal_version :: [Char][0m[0m
[;1m[34m  |[0m[0m
[;1m[34m4 |[0m[0m [;1m[35mtidal_version[0m[0m = "1.0.7"
[;1m[34m  |[0m[0m[;1m[35m ^^^^^^^^^^^^^[0m[0m
[0m[0m[0m[18 of 19] Compiling Sound.Tidal.Context ( src/Sound/Tidal/Context.hs, .stack-work/dist/x86_64-linux-tinfo6/Cabal-2.4.0.1/build/Sound/Tidal/Context.o )
[19 of 19] Compiling Sound.Tidal.MiniTidal ( src/Sound/Tidal/MiniTidal.hs, .stack-work/dist/x86_64-linux-tinfo6/Cabal-2.4.0.1/build/Sound/Tidal/MiniTidal.o )

[;1msrc/Sound/Tidal/MiniTidal.hs:187:1: [;1m[35mwarning:[0m[0m[;1m [[;1m[35m-Wmissing-signatures[0m[0m[;1m][0m[0m[;1m
    Top-level binding with no type signature:
      lt_p_p :: ParsecT
                  String () Identity ([t -> Pattern b] -> t -> Pattern b)[0m[0m
[;1m[34m    |[0m[0m
[;1m[34m187 |[0m[0m [;1m[35mlt_p_p[0m[0m = choice [
[;1m[34m    |[0m[0m[;1m[35m ^^^^^^[0m[0m
[0m[0m[0m
[;1msrc/Sound/Tidal/MiniTidal.hs:209:1: [;1m[35mwarning:[0m[0m[;1m [[;1m[35m-Wunused-top-binds[0m[0m[;1m][0m[0m[;1m
    Defined but not used: ‘pInt_p’[0m[0m
[;1m[34m    |[0m[0m
[;1m[34m209 |[0m[0m [;1m[35mpInt_p[0m[0m = choice [
[;1m[34m    |[0m[0m[;1m[35m ^^^^^^[0m[0m
[0m[0m[0m
[;1msrc/Sound/Tidal/MiniTidal.hs:224:1: [;1m[35mwarning:[0m[0m[;1m [[;1m[35m-Wmissing-signatures[0m[0m[;1m][0m[0m[;1m
    Top-level binding with no type signature:
      pTime_p_p :: ParsecT
                     String () Identity (Pattern Time -> Pattern a -> Pattern a)[0m[0m
[;1m[34m    |[0m[0m
[;1m[34m224 |[0m[0m [;1m[35mpTime_p_p[0m[0m = choice [
[;1m[34m    |[0m[0m[;1m[35m ^^^^^^^^^[0m[0m
[0m[0m[0m
[;1msrc/Sound/Tidal/MiniTidal.hs:243:1: [;1m[35mwarning:[0m[0m[;1m [[;1m[35m-Wmissing-signatures[0m[0m[;1m][0m[0m[;1m
    Top-level binding with no type signature:
      lTime_p_p :: ParsecT
                     String () Identity ([Time] -> Pattern b -> Pattern b)[0m[0m
[;1m[34m    |[0m[0m
[;1m[34m243 |[0m[0m [;1m[35mlTime_p_p[0m[0m = choice [
[;1m[34m    |[0m[0m[;1m[35m ^^^^^^^^^[0m[0m
[0m[0m[0m
[;1msrc/Sound/Tidal/MiniTidal.hs:248:1: [;1m[35mwarning:[0m[0m[;1m [[;1m[35m-Wmissing-signatures[0m[0m[;1m][0m[0m[;1m
    Top-level binding with no type signature:
      spreads :: ParsecT
                   String () Identity ((a -> t -> Pattern b) -> [a] -> t -> Pattern b)[0m[0m
[;1m[34m    |[0m[0m
[;1m[34m248 |[0m[0m [;1m[35mspreads[0m[0m = choice [
[;1m[34m    |[0m[0m[;1m[35m ^^^^^^^[0m[0m
[0m[0m[0m
[;1msrc/Sound/Tidal/MiniTidal.hs:254:1: [;1m[35mwarning:[0m[0m[;1m [[;1m[35m-Wmissing-signatures[0m[0m[;1m][0m[0m[;1m
    Top-level binding with no type signature:
      pInt_p_p :: ParsecT
                    String () Identity (Pattern Int -> Pattern c -> Pattern c)[0m[0m
[;1m[34m    |[0m[0m
[;1m[34m254 |[0m[0m [;1m[35mpInt_p_p[0m[0m = choice [
[;1m[34m    |[0m[0m[;1m[35m ^^^^^^^^[0m[0m
[0m[0m[0m
[;1msrc/Sound/Tidal/MiniTidal.hs:264:1: [;1m[35mwarning:[0m[0m[;1m [[;1m[35m-Wmissing-signatures[0m[0m[;1m][0m[0m[;1m
    Top-level binding with no type signature:
      pString_p_p :: ParsecT
                       String () Identity (Pattern String -> Pattern b -> Pattern b)[0m[0m
[;1m[34m    |[0m[0m
[;1m[34m264 |[0m[0m [;1m[35mpString_p_p[0m[0m = function "substruct" >> return T.substruct
[;1m[34m    |[0m[0m[;1m[35m ^^^^^^^^^^^[0m[0m
[0m[0m[0m
[;1msrc/Sound/Tidal/MiniTidal.hs:266:1: [;1m[35mwarning:[0m[0m[;1m [[;1m[35m-Wmissing-signatures[0m[0m[;1m][0m[0m[;1m
    Top-level binding with no type signature:
      pDouble_p_p :: ParsecT
                       String () Identity (Pattern Double -> Pattern a -> Pattern a)[0m[0m
[;1m[34m    |[0m[0m
[;1m[34m266 |[0m[0m [;1m[35mpDouble_p_p[0m[0m = choice [
[;1m[34m    |[0m[0m[;1m[35m ^^^^^^^^^^^[0m[0m
[0m[0m[0m
[;1msrc/Sound/Tidal/MiniTidal.hs:273:1: [;1m[35mwarning:[0m[0m[;1m [[;1m[35m-Wmissing-signatures[0m[0m[;1m][0m[0m[;1m
    Top-level binding with no type signature:
      vTime_p_p :: ParsecT
                     String () Identity (Time -> Pattern a -> Pattern a)[0m[0m
[;1m[34m    |[0m[0m
[;1m[34m273 |[0m[0m [;1m[35mvTime_p_p[0m[0m = choice [
[;1m[34m    |[0m[0m[;1m[35m ^^^^^^^^^[0m[0m
[0m[0m[0m
[;1msrc/Sound/Tidal/MiniTidal.hs:280:1: [;1m[35mwarning:[0m[0m[;1m [[;1m[35m-Wmissing-signatures[0m[0m[;1m][0m[0m[;1m
    Top-level binding with no type signature:
      vInt_p_p :: ParsecT
                    String () Identity (Int -> Pattern a -> Pattern a)[0m[0m
[;1m[34m    |[0m[0m
[;1m[34m280 |[0m[0m [;1m[35mvInt_p_p[0m[0m = choice [
[;1m[34m    |[0m[0m[;1m[35m ^^^^^^^^[0m[0m
[0m[0m[0m
[;1msrc/Sound/Tidal/MiniTidal.hs:286:1: [;1m[35mwarning:[0m[0m[;1m [[;1m[35m-Wmissing-signatures[0m[0m[;1m][0m[0m[;1m
    Top-level binding with no type signature:
      vTimeTime_p_p :: ParsecT
                         String () Identity (Arc -> Pattern a -> Pattern a)[0m[0m
[;1m[34m    |[0m[0m
[;1m[34m286 |[0m[0m [;1m[35mvTimeTime_p_p[0m[0m = choice [
[;1m[34m    |[0m[0m[;1m[35m ^^^^^^^^^^^^^[0m[0m
[0m[0m[0m
[;1msrc/Sound/Tidal/MiniTidal.hs:292:1: [;1m[35mwarning:[0m[0m[;1m [[;1m[35m-Wmissing-signatures[0m[0m[;1m][0m[0m[;1m
    Top-level binding with no type signature:
      t_p_p :: ParsecT
                 String
                 ()
                 Identity
                 ((Pattern a -> Pattern a) -> Pattern a -> Pattern a)[0m[0m
[;1m[34m    |[0m[0m
[;1m[34m292 |[0m[0m [;1m[35mt_p_p[0m[0m = choice [
[;1m[34m    |[0m[0m[;1m[35m ^^^^^[0m[0m
[0m[0m[0m
[;1msrc/Sound/Tidal/MiniTidal.hs:311:1: [;1m[35mwarning:[0m[0m[;1m [[;1m[35m-Wunused-top-binds[0m[0m[;1m][0m[0m[;1m
    Defined but not used: ‘lvTime_p_p’[0m[0m
[;1m[34m    |[0m[0m
[;1m[34m311 |[0m[0m [;1m[35mlvTime_p_p[0m[0m = function "spaceOut" >> return T.spaceOut
[;1m[34m    |[0m[0m[;1m[35m ^^^^^^^^^^[0m[0m
[0m[0m[0m
[;1msrc/Sound/Tidal/MiniTidal.hs:311:1: [;1m[35mwarning:[0m[0m[;1m [[;1m[35m-Wmissing-signatures[0m[0m[;1m][0m[0m[;1m
    Top-level binding with no type signature:
      lvTime_p_p :: ParsecT
                      String () Identity ([Time] -> Pattern a -> Pattern a)[0m[0m
[;1m[34m    |[0m[0m
[;1m[34m311 |[0m[0m [;1m[35mlvTime_p_p[0m[0m = function "spaceOut" >> return T.spaceOut
[;1m[34m    |[0m[0m[;1m[35m ^^^^^^^^^^[0m[0m
[0m[0m[0m
[;1msrc/Sound/Tidal/MiniTidal.hs:313:1: [;1m[35mwarning:[0m[0m[;1m [[;1m[35m-Wmissing-signatures[0m[0m[;1m][0m[0m[;1m
    Top-level binding with no type signature:
      lpInt_p_p :: ParsecT
                     String () Identity ([Pattern Int] -> Pattern a -> Pattern a)[0m[0m
[;1m[34m    |[0m[0m
[;1m[34m313 |[0m[0m [;1m[35mlpInt_p_p[0m[0m = function "distrib" >> return T.distrib
[;1m[34m    |[0m[0m[;1m[35m ^^^^^^^^^[0m[0m
[0m[0m[0m
[;1msrc/Sound/Tidal/MiniTidal.hs:321:1: [;1m[35mwarning:[0m[0m[;1m [[;1m[35m-Wunused-top-binds[0m[0m[;1m][0m[0m[;1m
    Defined but not used: ‘l_pInt_p’[0m[0m
[;1m[34m    |[0m[0m
[;1m[34m321 |[0m[0m [;1m[35ml_pInt_p[0m[0m = choice [
[;1m[34m    |[0m[0m[;1m[35m ^^^^^^^^[0m[0m
[0m[0m[0m
[;1msrc/Sound/Tidal/MiniTidal.hs:321:1: [;1m[35mwarning:[0m[0m[;1m [[;1m[35m-Wmissing-signatures[0m[0m[;1m][0m[0m[;1m
    Top-level binding with no type signature:
      l_pInt_p :: ParsecT
                    String () Identity ([a] -> Pattern Int -> Pattern a)[0m[0m
[;1m[34m    |[0m[0m
[;1m[34m321 |[0m[0m [;1m[35ml_pInt_p[0m[0m = choice [
[;1m[34m    |[0m[0m[;1m[35m ^^^^^^^^[0m[0m
[0m[0m[0m
[;1msrc/Sound/Tidal/MiniTidal.hs:326:1: [;1m[35mwarning:[0m[0m[;1m [[;1m[35m-Wunused-top-binds[0m[0m[;1m][0m[0m[;1m
    Defined but not used: ‘vInt_l_pInt_p’[0m[0m
[;1m[34m    |[0m[0m
[;1m[34m326 |[0m[0m [;1m[35mvInt_l_pInt_p[0m[0m = function "fit" >> return T.fit
[;1m[34m    |[0m[0m[;1m[35m ^^^^^^^^^^^^^[0m[0m
[0m[0m[0m
[;1msrc/Sound/Tidal/MiniTidal.hs:326:1: [;1m[35mwarning:[0m[0m[;1m [[;1m[35m-Wmissing-signatures[0m[0m[;1m][0m[0m[;1m
    Top-level binding with no type signature:
      vInt_l_pInt_p :: ParsecT
                         String () Identity (Int -> [a] -> Pattern Int -> Pattern a)[0m[0m
[;1m[34m    |[0m[0m
[;1m[34m326 |[0m[0m [;1m[35mvInt_l_pInt_p[0m[0m = function "fit" >> return T.fit
[;1m[34m    |[0m[0m[;1m[35m ^^^^^^^^^^^^^[0m[0m
[0m[0m[0m
[;1msrc/Sound/Tidal/MiniTidal.hs:328:1: [;1m[35mwarning:[0m[0m[;1m [[;1m[35m-Wmissing-signatures[0m[0m[;1m][0m[0m[;1m
    Top-level binding with no type signature:
      vTime_p_p_p :: ParsecT
                       String () Identity (Time -> Pattern a -> Pattern a -> Pattern a)[0m[0m
[;1m[34m    |[0m[0m
[;1m[34m328 |[0m[0m [;1m[35mvTime_p_p_p[0m[0m = function "wedge" >> return T.wedge
[;1m[34m    |[0m[0m[;1m[35m ^^^^^^^^^^^[0m[0m
[0m[0m[0m
[;1msrc/Sound/Tidal/MiniTidal.hs:330:1: [;1m[35mwarning:[0m[0m[;1m [[;1m[35m-Wmissing-signatures[0m[0m[;1m][0m[0m[;1m
    Top-level binding with no type signature:
      vInt_pDouble_p_p :: ParsecT
                            String
                            ()
                            Identity
                            (Int -> Pattern Double -> Pattern a -> Pattern a)[0m[0m
[;1m[34m    |[0m[0m
[;1m[34m330 |[0m[0m [;1m[35mvInt_pDouble_p_p[0m[0m = function "degradeOverBy" >> return T.degradeOverBy
[;1m[34m    |[0m[0m[;1m[35m ^^^^^^^^^^^^^^^^[0m[0m
[0m[0m[0m
[;1msrc/Sound/Tidal/MiniTidal.hs:332:1: [;1m[35mwarning:[0m[0m[;1m [[;1m[35m-Wmissing-signatures[0m[0m[;1m][0m[0m[;1m
    Top-level binding with no type signature:
      pInt_t_p_p :: ParsecT
                      String
                      ()
                      Identity
                      (Pattern Int -> (Pattern a -> Pattern a) -> Pattern a -> Pattern a)[0m[0m
[;1m[34m    |[0m[0m
[;1m[34m332 |[0m[0m [;1m[35mpInt_t_p_p[0m[0m = choice [
[;1m[34m    |[0m[0m[;1m[35m ^^^^^^^^^^[0m[0m
[0m[0m[0m
[;1msrc/Sound/Tidal/MiniTidal.hs:338:1: [;1m[35mwarning:[0m[0m[;1m [[;1m[35m-Wmissing-signatures[0m[0m[;1m][0m[0m[;1m
    Top-level binding with no type signature:
      pDouble_t_p_p :: ParsecT
                         String
                         ()
                         Identity
                         (Pattern Double
                          -> (Pattern a -> Pattern a) -> Pattern a -> Pattern a)[0m[0m
[;1m[34m    |[0m[0m
[;1m[34m338 |[0m[0m [;1m[35mpDouble_t_p_p[0m[0m = function "sometimesBy" >> return T.sometimesBy
[;1m[34m    |[0m[0m[;1m[35m ^^^^^^^^^^^^^[0m[0m
[0m[0m[0m
[;1msrc/Sound/Tidal/MiniTidal.hs:340:1: [;1m[35mwarning:[0m[0m[;1m [[;1m[35m-Wmissing-signatures[0m[0m[;1m][0m[0m[;1m
    Top-level binding with no type signature:
      lvInt_t_p_p :: ParsecT
                       String
                       ()
                       Identity
                       ([Int] -> (Pattern a -> Pattern a) -> Pattern a -> Pattern a)[0m[0m
[;1m[34m    |[0m[0m
[;1m[34m340 |[0m[0m [;1m[35mlvInt_t_p_p[0m[0m = function "foldEvery" >> return T.foldEvery
[;1m[34m    |[0m[0m[;1m[35m ^^^^^^^^^^^[0m[0m
[0m[0m[0m
[;1msrc/Sound/Tidal/MiniTidal.hs:342:1: [;1m[35mwarning:[0m[0m[;1m [[;1m[35m-Wmissing-signatures[0m[0m[;1m][0m[0m[;1m
    Top-level binding with no type signature:
      vTime_vTime_p_p :: ParsecT
                           String () Identity (Time -> Time -> Pattern a -> Pattern a)[0m[0m
[;1m[34m    |[0m[0m
[;1m[34m342 |[0m[0m [;1m[35mvTime_vTime_p_p[0m[0m = function "playFor" >> return T.playFor
[;1m[34m    |[0m[0m[;1m[35m ^^^^^^^^^^^^^^^[0m[0m
[0m[0m[0m
[;1msrc/Sound/Tidal/MiniTidal.hs:344:1: [;1m[35mwarning:[0m[0m[;1m [[;1m[35m-Wunused-top-binds[0m[0m[;1m][0m[0m[;1m
    Defined but not used: ‘vTimeTime_t_p_p’[0m[0m
[;1m[34m    |[0m[0m
[;1m[34m344 |[0m[0m [;1m[35mvTimeTime_t_p_p[0m[0m = function "within" >> return T.withinArc
[;1m[34m    |[0m[0m[;1m[35m ^^^^^^^^^^^^^^^[0m[0m
[0m[0m[0m
[;1msrc/Sound/Tidal/MiniTidal.hs:344:1: [;1m[35mwarning:[0m[0m[;1m [[;1m[35m-Wmissing-signatures[0m[0m[;1m][0m[0m[;1m
    Top-level binding with no type signature:
      vTimeTime_t_p_p :: ParsecT
                           String
                           ()
                           Identity
                           (Arc -> (Pattern a -> Pattern a) -> Pattern a -> Pattern a)[0m[0m
[;1m[34m    |[0m[0m
[;1m[34m344 |[0m[0m [;1m[35mvTimeTime_t_p_p[0m[0m = function "within" >> return T.withinArc
[;1m[34m    |[0m[0m[;1m[35m ^^^^^^^^^^^^^^^[0m[0m
[0m[0m[0m
[;1msrc/Sound/Tidal/MiniTidal.hs:346:1: [;1m[35mwarning:[0m[0m[;1m [[;1m[35m-Wmissing-signatures[0m[0m[;1m][0m[0m[;1m
    Top-level binding with no type signature:
      vInt_t_p_p :: ParsecT
                      String
                      ()
                      Identity
                      (Int -> (Pattern b -> Pattern b) -> Pattern b -> Pattern b)[0m[0m
[;1m[34m    |[0m[0m
[;1m[34m346 |[0m[0m [;1m[35mvInt_t_p_p[0m[0m = choice [
[;1m[34m    |[0m[0m[;1m[35m ^^^^^^^^^^[0m[0m
[0m[0m[0m
[;1msrc/Sound/Tidal/MiniTidal.hs:352:1: [;1m[35mwarning:[0m[0m[;1m [[;1m[35m-Wmissing-signatures[0m[0m[;1m][0m[0m[;1m
    Top-level binding with no type signature:
      vDouble_t_p_p :: ParsecT
                         String
                         ()
                         Identity
                         (Double -> (Pattern a -> Pattern a) -> Pattern a -> Pattern a)[0m[0m
[;1m[34m    |[0m[0m
[;1m[34m352 |[0m[0m [;1m[35mvDouble_t_p_p[0m[0m = choice [
[;1m[34m    |[0m[0m[;1m[35m ^^^^^^^^^^^^^[0m[0m
[0m[0m[0m
[;1msrc/Sound/Tidal/MiniTidal.hs:357:1: [;1m[35mwarning:[0m[0m[;1m [[;1m[35m-Wmissing-signatures[0m[0m[;1m][0m[0m[;1m
    Top-level binding with no type signature:
      pInt_pInt_p_p :: ParsecT
                         String
                         ()
                         Identity
                         (Pattern Int -> Pattern Int -> Pattern a -> Pattern a)[0m[0m
[;1m[34m    |[0m[0m
[;1m[34m357 |[0m[0m [;1m[35mpInt_pInt_p_p[0m[0m = choice [
[;1m[34m    |[0m[0m[;1m[35m ^^^^^^^^^^^^^[0m[0m
[0m[0m[0m
[;1msrc/Sound/Tidal/MiniTidal.hs:364:1: [;1m[35mwarning:[0m[0m[;1m [[;1m[35m-Wmissing-signatures[0m[0m[;1m][0m[0m[;1m
    Top-level binding with no type signature:
      pTime_pTime_p_p :: ParsecT
                           String
                           ()
                           Identity
                           (Pattern Time -> Pattern Time -> Pattern a -> Pattern a)[0m[0m
[;1m[34m    |[0m[0m
[;1m[34m364 |[0m[0m [;1m[35mpTime_pTime_p_p[0m[0m = function "swingBy" >> return T.swingBy
[;1m[34m    |[0m[0m[;1m[35m ^^^^^^^^^^^^^^^[0m[0m
[0m[0m[0m
[;1msrc/Sound/Tidal/MiniTidal.hs:366:1: [;1m[35mwarning:[0m[0m[;1m [[;1m[35m-Wmissing-signatures[0m[0m[;1m][0m[0m[;1m
    Top-level binding with no type signature:
      pInt_pInt_t_p_p :: ParsecT
                           String
                           ()
                           Identity
                           (Pattern Int
                            -> Pattern Int
                            -> (Pattern a -> Pattern a)
                            -> Pattern a
                            -> Pattern a)[0m[0m
[;1m[34m    |[0m[0m
[;1m[34m366 |[0m[0m [;1m[35mpInt_pInt_t_p_p[0m[0m = function "every'" >> return T.every'
[;1m[34m    |[0m[0m[;1m[35m ^^^^^^^^^^^^^^^[0m[0m
[0m[0m[0m
[;1msrc/Sound/Tidal/MiniTidal.hs:368:1: [;1m[35mwarning:[0m[0m[;1m [[;1m[35m-Wmissing-signatures[0m[0m[;1m][0m[0m[;1m
    Top-level binding with no type signature:
      vInt_vInt_t_p_p :: ParsecT
                           String
                           ()
                           Identity
                           (Int -> Int -> (Pattern a -> Pattern a) -> Pattern a -> Pattern a)[0m[0m
[;1m[34m    |[0m[0m
[;1m[34m368 |[0m[0m [;1m[35mvInt_vInt_t_p_p[0m[0m = function "whenmod" >> return T.whenmod
[;1m[34m    |[0m[0m[;1m[35m ^^^^^^^^^^^^^^^[0m[0m
[0m[0m[0m
[;1msrc/Sound/Tidal/MiniTidal.hs:370:1: [;1m[35mwarning:[0m[0m[;1m [[;1m[35m-Wmissing-signatures[0m[0m[;1m][0m[0m[;1m
    Top-level binding with no type signature:
      pInt_p_p_p :: ParsecT
                      String
                      ()
                      Identity
                      (Pattern Int -> Pattern a -> Pattern a -> Pattern a)[0m[0m
[;1m[34m    |[0m[0m
[;1m[34m370 |[0m[0m [;1m[35mpInt_p_p_p[0m[0m = choice [
[;1m[34m    |[0m[0m[;1m[35m ^^^^^^^^^^[0m[0m
[0m[0m[0m
[;1msrc/Sound/Tidal/MiniTidal.hs:375:1: [;1m[35mwarning:[0m[0m[;1m [[;1m[35m-Wmissing-signatures[0m[0m[;1m][0m[0m[;1m
    Top-level binding with no type signature:
      pInt_pInt_p_p_p :: ParsecT
                           String
                           ()
                           Identity
                           (Pattern Int -> Pattern Int -> Pattern a -> Pattern a -> Pattern a)[0m[0m
[;1m[34m    |[0m[0m
[;1m[34m375 |[0m[0m [;1m[35mpInt_pInt_p_p_p[0m[0m = function "euclidFull" >> return T.euclidFull
[;1m[34m    |[0m[0m[;1m[35m ^^^^^^^^^^^^^^^[0m[0m
[0m[0m[0m
[;1msrc/Sound/Tidal/MiniTidal.hs:377:1: [;1m[35mwarning:[0m[0m[;1m [[;1m[35m-Wmissing-signatures[0m[0m[;1m][0m[0m[;1m
    Top-level binding with no type signature:
      vInt_pInt_pInt_p_p :: ParsecT
                              String
                              ()
                              Identity
                              (Int -> Pattern Int -> Pattern Int -> Pattern a -> Pattern a)[0m[0m
[;1m[34m    |[0m[0m
[;1m[34m377 |[0m[0m [;1m[35mvInt_pInt_pInt_p_p[0m[0m = choice [
[;1m[34m    |[0m[0m[;1m[35m ^^^^^^^^^^^^^^^^^^[0m[0m
[0m[0m[0m
[;1msrc/Sound/Tidal/MiniTidal.hs:382:1: [;1m[35mwarning:[0m[0m[;1m [[;1m[35m-Wmissing-signatures[0m[0m[;1m][0m[0m[;1m
    Top-level binding with no type signature:
      pTime_vInt_pInt_pInt_p_p :: ParsecT
                                    String
                                    ()
                                    Identity
                                    (Pattern Time
                                     -> Int -> Pattern Int -> Pattern Int -> Pattern a -> Pattern a)[0m[0m
[;1m[34m    |[0m[0m
[;1m[34m382 |[0m[0m [;1m[35mpTime_vInt_pInt_pInt_p_p[0m[0m = function "fit'" >> return T.fit'
[;1m[34m    |[0m[0m[;1m[35m ^^^^^^^^^^^^^^^^^^^^^^^^[0m[0m
[0m[0m[0m
[;1msrc/Sound/Tidal/MiniTidal.hs:384:1: [;1m[35mwarning:[0m[0m[;1m [[;1m[35m-Wmissing-signatures[0m[0m[;1m][0m[0m[;1m
    Top-level binding with no type signature:
      pControl_pControl :: ParsecT
                             String () Identity (ControlPattern -> ControlPattern)[0m[0m
[;1m[34m    |[0m[0m
[;1m[34m384 |[0m[0m [;1m[35mpControl_pControl[0m[0m = choice [
[;1m[34m    |[0m[0m[;1m[35m ^^^^^^^^^^^^^^^^^[0m[0m
[0m[0m[0m
[;1msrc/Sound/Tidal/MiniTidal.hs:392:1: [;1m[35mwarning:[0m[0m[;1m [[;1m[35m-Wmissing-signatures[0m[0m[;1m][0m[0m[;1m
    Top-level binding with no type signature:
      tControl_pControl_pControl :: ParsecT
                                      String
                                      ()
                                      Identity
                                      ((Pattern ControlMap -> Pattern ControlMap)
                                       -> Pattern ControlMap -> Pattern ControlMap)[0m[0m
[;1m[34m    |[0m[0m
[;1m[34m392 |[0m[0m [;1m[35mtControl_pControl_pControl[0m[0m = function "jux" >> return T.jux
[;1m[34m    |[0m[0m[;1m[35m ^^^^^^^^^^^^^^^^^^^^^^^^^^[0m[0m
[0m[0m[0m
[;1msrc/Sound/Tidal/MiniTidal.hs:394:1: [;1m[35mwarning:[0m[0m[;1m [[;1m[35m-Wmissing-signatures[0m[0m[;1m][0m[0m[;1m
    Top-level binding with no type signature:
      pInt_pControl_pControl :: ParsecT
                                  String
                                  ()
                                  Identity
                                  (Pattern Int -> ControlPattern -> ControlPattern)[0m[0m
[;1m[34m    |[0m[0m
[;1m[34m394 |[0m[0m [;1m[35mpInt_pControl_pControl[0m[0m = choice [
[;1m[34m    |[0m[0m[;1m[35m ^^^^^^^^^^^^^^^^^^^^^^[0m[0m
[0m[0m[0m
[;1msrc/Sound/Tidal/MiniTidal.hs:399:1: [;1m[35mwarning:[0m[0m[;1m [[;1m[35m-Wmissing-signatures[0m[0m[;1m][0m[0m[;1m
    Top-level binding with no type signature:
      pDouble_pControl_pControl :: ParsecT
                                     String
                                     ()
                                     Identity
                                     (Pattern Double -> ControlPattern -> ControlPattern)[0m[0m
[;1m[34m    |[0m[0m
[;1m[34m399 |[0m[0m [;1m[35mpDouble_pControl_pControl[0m[0m = choice [
[;1m[34m    |[0m[0m[;1m[35m ^^^^^^^^^^^^^^^^^^^^^^^^^[0m[0m
[0m[0m[0m
[;1msrc/Sound/Tidal/MiniTidal.hs:404:1: [;1m[35mwarning:[0m[0m[;1m [[;1m[35m-Wmissing-signatures[0m[0m[;1m][0m[0m[;1m
    Top-level binding with no type signature:
      pInt_pDouble_pControl_pControl :: ParsecT
                                          String
                                          ()
                                          Identity
                                          (Pattern Int
                                           -> Pattern Double -> ControlPattern -> ControlPattern)[0m[0m
[;1m[34m    |[0m[0m
[;1m[34m404 |[0m[0m [;1m[35mpInt_pDouble_pControl_pControl[0m[0m = function "striate'" >> return T.striate'
[;1m[34m    |[0m[0m[;1m[35m ^^^^^^^^^^^^^^^^^^^^^^^^^^^^^^[0m[0m
[0m[0m[0m
[;1msrc/Sound/Tidal/MiniTidal.hs:406:1: [;1m[35mwarning:[0m[0m[;1m [[;1m[35m-Wmissing-signatures[0m[0m[;1m][0m[0m[;1m
    Top-level binding with no type signature:
      pTime_pControl_pControl :: ParsecT
                                   String
                                   ()
                                   Identity
                                   (Pattern Rational -> ControlPattern -> ControlPattern)[0m[0m
[;1m[34m    |[0m[0m
[;1m[34m406 |[0m[0m [;1m[35mpTime_pControl_pControl[0m[0m = choice [
[;1m[34m    |[0m[0m[;1m[35m ^^^^^^^^^^^^^^^^^^^^^^^[0m[0m
[0m[0m[0m
[;1msrc/Sound/Tidal/MiniTidal.hs:411:1: [;1m[35mwarning:[0m[0m[;1m [[;1m[35m-Wmissing-signatures[0m[0m[;1m][0m[0m[;1m
    Top-level binding with no type signature:
      pDouble_pTime_pControl_pControl :: ParsecT
                                           String
                                           ()
                                           Identity
                                           (Pattern Double
                                            -> Pattern Rational -> ControlPattern -> ControlPattern)[0m[0m
[;1m[34m    |[0m[0m
[;1m[34m411 |[0m[0m [;1m[35mpDouble_pTime_pControl_pControl[0m[0m = choice [
[;1m[34m    |[0m[0m[;1m[35m ^^^^^^^^^^^^^^^^^^^^^^^^^^^^^^^[0m[0m
[0m[0m[0m
[;1msrc/Sound/Tidal/MiniTidal.hs:416:1: [;1m[35mwarning:[0m[0m[;1m [[;1m[35m-Wmissing-signatures[0m[0m[;1m][0m[0m[;1m
    Top-level binding with no type signature:
      pInteger_pDouble_pTime_pControl_pControl :: ParsecT
                                                    String
                                                    ()
                                                    Identity
                                                    (Pattern Integer
                                                     -> Pattern Double
                                                     -> Pattern Rational
                                                     -> ControlPattern
                                                     -> ControlPattern)[0m[0m
[;1m[34m    |[0m[0m
[;1m[34m416 |[0m[0m [;1m[35mpInteger_pDouble_pTime_pControl_pControl[0m[0m = function "stut" >> return T.stut
[;1m[34m    |[0m[0m[;1m[35m ^^^^^^^^^^^^^^^^^^^^^^^^^^^^^^^^^^^^^^^^[0m[0m
[0m[0m[0mInstalling library in /home/license/tidal/hs/.stack-work/install/x86_64-linux-tinfo6/lts-13.8/8.6.3/lib/x86_64-linux-ghc-8.6.3/tidal-1.0.7-7bi0U5LBeEC1k8cC2JV7No
Registering library for tidal-1.0.7..
